0 info it worked if it ends with ok
1 verbose cli [ 'C:\\Program Files\\nodejs\\node.exe',
1 verbose cli   'C:\\Program Files\\nodejs\\node_modules\\npm\\bin\\npm-cli.js',
1 verbose cli   'install',
1 verbose cli   '-g',
1 verbose cli   'n' ]
2 info using npm@2.14.7
3 info using node@v4.2.2
4 verbose install initial load of C:\Users\david_000\AppData\Roaming\npm\package.json
5 verbose readDependencies loading dependencies from C:\Users\david_000\AppData\Roaming\npm\package.json
6 silly cache add args [ 'n', null ]
7 verbose cache add spec n
8 silly cache add parsed spec Result {
8 silly cache add   raw: 'n',
8 silly cache add   scope: null,
8 silly cache add   name: 'n',
8 silly cache add   rawSpec: '',
8 silly cache add   spec: '*',
8 silly cache add   type: 'range' }
9 silly addNamed n@*
10 verbose addNamed "*" is a valid semver range for n
11 silly addNameRange { name: 'n', range: '*', hasData: false }
12 silly mapToRegistry name n
13 silly mapToRegistry using default registry
14 silly mapToRegistry registry https://registry.npmjs.org/
15 silly mapToRegistry uri https://registry.npmjs.org/n
16 verbose addNameRange registry:https://registry.npmjs.org/n not in flight; fetching
17 verbose request uri https://registry.npmjs.org/n
18 verbose request no auth needed
19 info attempt registry request try #1 at 2:18:54 PM
20 verbose request id 4a0cdd31f5111b77
21 http request GET https://registry.npmjs.org/n
22 http 200 https://registry.npmjs.org/n
23 verbose headers { server: 'CouchDB/1.5.0 (Erlang OTP/R16B03)',
23 verbose headers   etag: '"52CLP0CEE1NIDRCWAF2DBPC7B"',
23 verbose headers   'content-type': 'application/json',
23 verbose headers   'cache-control': 'max-age=300',
23 verbose headers   'content-length': '52382',
23 verbose headers   'accept-ranges': 'bytes',
23 verbose headers   date: 'Mon, 21 Dec 2015 22:18:57 GMT',
23 verbose headers   via: '1.1 varnish',
23 verbose headers   age: '0',
23 verbose headers   connection: 'keep-alive',
23 verbose headers   'x-served-by': 'cache-lax1422-LAX',
23 verbose headers   'x-cache': 'HIT',
23 verbose headers   'x-cache-hits': '1',
23 verbose headers   'x-timer': 'S1450736337.649359,VS0,VE44',
23 verbose headers   vary: 'Accept' }
24 silly get cb [ 200,
24 silly get   { server: 'CouchDB/1.5.0 (Erlang OTP/R16B03)',
24 silly get     etag: '"52CLP0CEE1NIDRCWAF2DBPC7B"',
24 silly get     'content-type': 'application/json',
24 silly get     'cache-control': 'max-age=300',
24 silly get     'content-length': '52382',
24 silly get     'accept-ranges': 'bytes',
24 silly get     date: 'Mon, 21 Dec 2015 22:18:57 GMT',
24 silly get     via: '1.1 varnish',
24 silly get     age: '0',
24 silly get     connection: 'keep-alive',
24 silly get     'x-served-by': 'cache-lax1422-LAX',
24 silly get     'x-cache': 'HIT',
24 silly get     'x-cache-hits': '1',
24 silly get     'x-timer': 'S1450736337.649359,VS0,VE44',
24 silly get     vary: 'Accept' } ]
25 verbose get saving n to C:\Users\david_000\AppData\Roaming\npm-cache\registry.npmjs.org\n\.cache.json
26 silly addNameRange number 2 { name: 'n', range: '*', hasData: true }
27 silly addNameRange versions [ 'n',
27 silly addNameRange   [ '0.0.1',
27 silly addNameRange     '0.0.2',
27 silly addNameRange     '0.0.3',
27 silly addNameRange     '0.0.4',
27 silly addNameRange     '0.1.0',
27 silly addNameRange     '0.1.1',
27 silly addNameRange     '0.1.2',
27 silly addNameRange     '0.2.0',
27 silly addNameRange     '0.2.1',
27 silly addNameRange     '0.2.2',
27 silly addNameRange     '0.3.0',
27 silly addNameRange     '0.4.0',
27 silly addNameRange     '0.4.1',
27 silly addNameRange     '0.4.2',
27 silly addNameRange     '0.5.0',
27 silly addNameRange     '0.5.1',
27 silly addNameRange     '0.5.2',
27 silly addNameRange     '0.5.3',
27 silly addNameRange     '0.5.4',
27 silly addNameRange     '0.6.0',
27 silly addNameRange     '0.6.1',
27 silly addNameRange     '0.7.0',
27 silly addNameRange     '0.7.1',
27 silly addNameRange     '0.7.2',
27 silly addNameRange     '0.7.3',
27 silly addNameRange     '0.8.0',
27 silly addNameRange     '0.8.1',
27 silly addNameRange     '0.8.2',
27 silly addNameRange     '0.9.0',
27 silly addNameRange     '0.9.1',
27 silly addNameRange     '0.9.2',
27 silly addNameRange     '0.9.3',
27 silly addNameRange     '1.0.0',
27 silly addNameRange     '1.1.0',
27 silly addNameRange     '1.2.1',
27 silly addNameRange     '1.2.2',
27 silly addNameRange     '1.2.3',
27 silly addNameRange     '1.2.4',
27 silly addNameRange     '1.2.5',
27 silly addNameRange     '1.2.6',
27 silly addNameRange     '1.2.7',
27 silly addNameRange     '1.2.8',
27 silly addNameRange     '1.2.9',
27 silly addNameRange     '1.2.11',
27 silly addNameRange     '1.2.13',
27 silly addNameRange     '1.2.14',
27 silly addNameRange     '1.3.0',
27 silly addNameRange     '1.4.0',
27 silly addNameRange     '2.0.0',
27 silly addNameRange     '1.4.1',
27 silly addNameRange     '2.0.1',
27 silly addNameRange     '1.4.2',
27 silly addNameRange     '2.0.2' ] ]
28 silly addNamed n@2.0.2
29 verbose addNamed "2.0.2" is a plain semver version for n
30 silly mapToRegistry name n
31 silly mapToRegistry using default registry
32 silly mapToRegistry registry https://registry.npmjs.org/
33 silly mapToRegistry uri https://registry.npmjs.org/n
34 verbose addRemoteTarball https://registry.npmjs.org/n/-/n-2.0.2.tgz not in flight; adding
35 verbose addRemoteTarball [ 'https://registry.npmjs.org/n/-/n-2.0.2.tgz',
35 verbose addRemoteTarball   '1d132d1e33c8687bae54313792626e7878bd5f57' ]
36 info retry fetch attempt 1 at 2:18:54 PM
37 info attempt registry request try #1 at 2:18:54 PM
38 http fetch GET https://registry.npmjs.org/n/-/n-2.0.2.tgz
39 http fetch 200 https://registry.npmjs.org/n/-/n-2.0.2.tgz
40 silly fetchAndShaCheck shasum 1d132d1e33c8687bae54313792626e7878bd5f57
41 verbose addTmpTarball C:\Users\DAVID_~1\AppData\Local\Temp\npm-14404-1abdcf43\registry.npmjs.org\n\-\n-2.0.2.tgz not in flight; adding
42 verbose addTmpTarball already have metadata; skipping unpack for n@2.0.2
43 silly cache afterAdd n@2.0.2
44 verbose afterAdd C:\Users\david_000\AppData\Roaming\npm-cache\n\2.0.2\package\package.json not in flight; writing
45 verbose afterAdd C:\Users\david_000\AppData\Roaming\npm-cache\n\2.0.2\package\package.json written
46 silly install resolved [ { name: 'n',
46 silly install resolved     description: 'node version manager',
46 silly install resolved     version: '2.0.2',
46 silly install resolved     author: { name: 'TJ Holowaychuk', email: 'tj@vision-media.ca' },
46 silly install resolved     homepage: 'https://github.com/tj/n',
46 silly install resolved     bugs: { url: 'https://github.com/tj/n/issues' },
46 silly install resolved     contributors: [ [Object] ],
46 silly install resolved     keywords:
46 silly install resolved      [ 'nvm',
46 silly install resolved        'node',
46 silly install resolved        'version',
46 silly install resolved        'manager',
46 silly install resolved        'switcher',
46 silly install resolved        'node',
46 silly install resolved        'binary',
46 silly install resolved        'env' ],
46 silly install resolved     bin: { n: './bin/n' },
46 silly install resolved     repository: { type: 'git', url: 'git://github.com/tj/n.git' },
46 silly install resolved     preferGlobal: true,
46 silly install resolved     os: [ '!win32' ],
46 silly install resolved     engines: { node: '*' },
46 silly install resolved     license: 'MIT',
46 silly install resolved     gitHead: '7831e76a57429afc6341a583febb99469db4d1dc',
46 silly install resolved     _id: 'n@2.0.2',
46 silly install resolved     scripts: {},
46 silly install resolved     _shasum: '1d132d1e33c8687bae54313792626e7878bd5f57',
46 silly install resolved     _from: 'n@*',
46 silly install resolved     _npmVersion: '2.13.4',
46 silly install resolved     _nodeVersion: '0.12.7',
46 silly install resolved     _npmUser: { name: 'maxrimue', email: 'max.rittmueller@gmail.com' },
46 silly install resolved     dist:
46 silly install resolved      { shasum: '1d132d1e33c8687bae54313792626e7878bd5f57',
46 silly install resolved        tarball: 'http://registry.npmjs.org/n/-/n-2.0.2.tgz' },
46 silly install resolved     maintainers:
46 silly install resolved      [ [Object],
46 silly install resolved        [Object],
46 silly install resolved        [Object],
46 silly install resolved        [Object],
46 silly install resolved        [Object],
46 silly install resolved        [Object],
46 silly install resolved        [Object] ],
46 silly install resolved     directories: {},
46 silly install resolved     _resolved: 'https://registry.npmjs.org/n/-/n-2.0.2.tgz' } ]
47 info install n@2.0.2 into C:\Users\david_000\AppData\Roaming\npm
48 info installOne n@2.0.2
49 verbose installOne of n to C:\Users\david_000\AppData\Roaming\npm not in flight; installing
50 verbose lock using C:\Users\david_000\AppData\Roaming\npm-cache\_locks\n-158a52fe63e8c7d9.lock for C:\Users\david_000\AppData\Roaming\npm\node_modules\n
51 verbose unlock done using C:\Users\david_000\AppData\Roaming\npm-cache\_locks\n-158a52fe63e8c7d9.lock for C:\Users\david_000\AppData\Roaming\npm\node_modules\n
52 verbose stack Error: Unsupported
52 verbose stack     at checkPlatform (C:\Program Files\nodejs\node_modules\npm\node_modules\npm-install-checks\index.js:47:14)
52 verbose stack     at Array.<anonymous> (C:\Program Files\nodejs\node_modules\npm\node_modules\slide\lib\bind-actor.js:15:8)
52 verbose stack     at LOOP (C:\Program Files\nodejs\node_modules\npm\node_modules\slide\lib\chain.js:15:14)
52 verbose stack     at C:\Program Files\nodejs\node_modules\npm\node_modules\slide\lib\chain.js:18:7
52 verbose stack     at checkEngine (C:\Program Files\nodejs\node_modules\npm\node_modules\npm-install-checks\index.js:26:10)
52 verbose stack     at Array.<anonymous> (C:\Program Files\nodejs\node_modules\npm\node_modules\slide\lib\bind-actor.js:15:8)
52 verbose stack     at LOOP (C:\Program Files\nodejs\node_modules\npm\node_modules\slide\lib\chain.js:15:14)
52 verbose stack     at chain (C:\Program Files\nodejs\node_modules\npm\node_modules\slide\lib\chain.js:20:5)
52 verbose stack     at C:\Program Files\nodejs\node_modules\npm\lib\install.js:1038:5
52 verbose stack     at C:\Program Files\nodejs\node_modules\npm\lib\utils\locker.js:39:7
53 verbose pkgid n@2.0.2
54 verbose cwd C:\Users\david_000\Desktop\Projects\IdeaList\idealist_v3\backend
55 error Windows_NT 6.3.9600
56 error argv "C:\\Program Files\\nodejs\\node.exe" "C:\\Program Files\\nodejs\\node_modules\\npm\\bin\\npm-cli.js" "install" "-g" "n"
57 error node v4.2.2
58 error npm  v2.14.7
59 error code EBADPLATFORM
60 error notsup Unsupported
60 error notsup Not compatible with your operating system or architecture: n@2.0.2
60 error notsup Valid OS:    !win32
60 error notsup Valid Arch:  any
60 error notsup Actual OS:   win32
60 error notsup Actual Arch: x64
61 verbose exit [ 1, true ]
